Дата и время вызова функции - 2023-03-26 14:42:27.439345
Название функции - hello_world
Аргументы функции - (), {}
Значение функции - Hello World

Дата и время вызова функции - 2023-03-26 14:42:27.439594
Название функции - summator
Аргументы функции - (2, 2), {}
Значение функции - 4

Дата и время вызова функции - 2023-03-26 14:42:27.439728
Название функции - div
Аргументы функции - (6, 2), {}
Значение функции - 3.0

Дата и время вызова функции - 2023-03-26 14:42:27.439841
Название функции - summator
Аргументы функции - (4.3,), {'b': 2.2}
Значение функции - 6.5

Дата и время вызова функции - 2023-03-26 14:42:27.439966
Название функции - summator
Аргументы функции - (), {'a': 0, 'b': 0}
Значение функции - 0

